# JRE version: OpenJDK Runtime Environment (8.0_76-b03) (build 1.8.0_76-release-b03)
# Java VM: OpenJDK 64-Bit Server VM (25.76-b03 mixed mode linux-amd64 compressed oops)
Heap:
 PSYoungGen      total 414208K, used 0K [0x00000000e0000000, 0x0000000100000000, 0x0000000100000000)
  eden space 373760K, 0% used [0x00000000e0000000,0x00000000e0000000,0x00000000f6d00000)
  from space 40448K, 0% used [0x00000000fd880000,0x00000000fd880000,0x0000000100000000)
  to   space 75264K, 0% used [0x00000000f6d00000,0x00000000f6d00000,0x00000000fb680000)
 ParOldGen       total 155136K, used 134930K [0x00000000a0000000, 0x00000000a9780000, 0x00000000e0000000)
  object space 155136K, 86% used [0x00000000a0000000,0x00000000a83c4930,0x00000000a9780000)
 Metaspace       used 78065K, capacity 80008K, committed 83328K, reserved 1122304K
  class space    used 9779K, capacity 10147K, committed 10880K, reserved 1048576K
GC Heap History (10 events):
Event: 31,690 GC heap after
Heap after GC invocations=16 (full 4):
 PSYoungGen      total 427008K, used 16297K [0x00000000e0000000, 0x00000000fdc00000, 0x0000000100000000)
  eden space 397312K, 0% used [0x00000000e0000000,0x00000000e0000000,0x00000000f8400000)
  from space 29696K, 54% used [0x00000000faa00000,0x00000000fb9ea4a0,0x00000000fc700000)
  to   space 38912K, 0% used [0x00000000f8400000,0x00000000f8400000,0x00000000faa00000)
 ParOldGen       total 145920K, used 68985K [0x00000000a0000000, 0x00000000a8e80000, 0x00000000e0000000)
  object space 145920K, 47% used [0x00000000a0000000,0x00000000a435e708,0x00000000a8e80000)
 Metaspace       used 61057K, capacity 63358K, committed 63744K, reserved 1103872K
  class space    used 8049K, capacity 8636K, committed 8704K, reserved 1048576K
}
Event: 36,342 GC heap before
{Heap before GC invocations=17 (full 4):
 PSYoungGen      total 427008K, used 413609K [0x00000000e0000000, 0x00000000fdc00000, 0x0000000100000000)
  eden space 397312K, 100% used [0x00000000e0000000,0x00000000f8400000,0x00000000f8400000)
  from space 29696K, 54% used [0x00000000faa00000,0x00000000fb9ea4a0,0x00000000fc700000)
  to   space 38912K, 0% used [0x00000000f8400000,0x00000000f8400000,0x00000000faa00000)
 ParOldGen       total 145920K, used 68985K [0x00000000a0000000, 0x00000000a8e80000, 0x00000000e0000000)
  object space 145920K, 47% used [0x00000000a0000000,0x00000000a435e708,0x00000000a8e80000)
 Metaspace       used 61732K, capacity 64014K, committed 64256K, reserved 1105920K
  class space    used 8105K, capacity 8700K, committed 8704K, reserved 1048576K
Event: 36,424 GC heap after
Heap after GC invocations=17 (full 4):
 PSYoungGen      total 436224K, used 1872K [0x00000000e0000000, 0x0000000100000000, 0x0000000100000000)
  eden space 397312K, 0% used [0x00000000e0000000,0x00000000e0000000,0x00000000f8400000)
  from space 38912K, 4% used [0x00000000f8400000,0x00000000f85d4050,0x00000000faa00000)
  to   space 39424K, 0% used [0x00000000fd980000,0x00000000fd980000,0x0000000100000000)
 ParOldGen       total 145920K, used 82018K [0x00000000a0000000, 0x00000000a8e80000, 0x00000000e0000000)
  object space 145920K, 56% used [0x00000000a0000000,0x00000000a5018840,0x00000000a8e80000)
 Metaspace       used 61732K, capacity 64014K, committed 64256K, reserved 1105920K
  class space    used 8105K, capacity 8700K, committed 8704K, reserved 1048576K
}
Event: 45,253 GC heap before
{Heap before GC invocations=18 (full 4):
 PSYoungGen      total 436224K, used 399184K [0x00000000e0000000, 0x0000000100000000, 0x0000000100000000)
  eden space 397312K, 100% used [0x00000000e0000000,0x00000000f8400000,0x00000000f8400000)
  from space 38912K, 4% used [0x00000000f8400000,0x00000000f85d4050,0x00000000faa00000)
  to   space 39424K, 0% used [0x00000000fd980000,0x00000000fd980000,0x0000000100000000)
 ParOldGen       total 145920K, used 82018K [0x00000000a0000000, 0x00000000a8e80000, 0x00000000e0000000)
  object space 145920K, 56% used [0x00000000a0000000,0x00000000a5018840,0x00000000a8e80000)
 Metaspace       used 64056K, capacity 66418K, committed 66688K, reserved 1107968K
  class space    used 8372K, capacity 8974K, committed 9088K, reserved 1048576K
Event: 45,287 GC heap after
Heap after GC invocations=18 (full 4):
 PSYoungGen      total 482816K, used 6742K [0x00000000e0000000, 0x00000000ffd80000, 0x0000000100000000)
  eden space 445952K, 0% used [0x00000000e0000000,0x00000000e0000000,0x00000000fb380000)
  from space 36864K, 18% used [0x00000000fd980000,0x00000000fe015820,0x00000000ffd80000)
  to   space 37888K, 0% used [0x00000000fb380000,0x00000000fb380000,0x00000000fd880000)
 ParOldGen       total 145920K, used 82026K [0x00000000a0000000, 0x00000000a8e80000, 0x00000000e0000000)
  object space 145920K, 56% used [0x00000000a0000000,0x00000000a501a840,0x00000000a8e80000)
 Metaspace       used 64056K, capacity 66418K, committed 66688K, reserved 1107968K
  class space    used 8372K, capacity 8974K, committed 9088K, reserved 1048576K
}
Event: 1864,534 GC heap before
{Heap before GC invocations=19 (full 4):
 PSYoungGen      total 482816K, used 452694K [0x00000000e0000000, 0x00000000ffd80000, 0x0000000100000000)
  eden space 445952K, 100% used [0x00000000e0000000,0x00000000fb380000,0x00000000fb380000)
  from space 36864K, 18% used [0x00000000fd980000,0x00000000fe015820,0x00000000ffd80000)
  to   space 37888K, 0% used [0x00000000fb380000,0x00000000fb380000,0x00000000fd880000)
 ParOldGen       total 145920K, used 82026K [0x00000000a0000000, 0x00000000a8e80000, 0x00000000e0000000)
  object space 145920K, 56% used [0x00000000a0000000,0x00000000a501a840,0x00000000a8e80000)
 Metaspace       used 70662K, capacity 73338K, committed 73600K, reserved 1114112K
  class space    used 9154K, capacity 9814K, committed 9856K, reserved 1048576K
Event: 1864,774 GC heap after
Heap after GC invocations=19 (full 4):
 PSYoungGen      total 483840K, used 37880K [0x00000000e0000000, 0x0000000100000000, 0x0000000100000000)
  eden space 445952K, 0% used [0x00000000e0000000,0x00000000e0000000,0x00000000fb380000)
  from space 37888K, 99% used [0x00000000fb380000,0x00000000fd87e1a0,0x00000000fd880000)
  to   space 40448K, 0% used [0x00000000fd880000,0x00000000fd880000,0x0000000100000000)
 ParOldGen       total 145920K, used 116945K [0x00000000a0000000, 0x00000000a8e80000, 0x00000000e0000000)
  object space 145920K, 80% used [0x00000000a0000000,0x00000000a7234430,0x00000000a8e80000)
 Metaspace       used 70662K, capacity 73338K, committed 73600K, reserved 1114112K
  class space    used 9154K, capacity 9814K, committed 9856K, reserved 1048576K
}
Event: 1870,908 GC heap before
{Heap before GC invocations=20 (full 4):
 PSYoungGen      total 483840K, used 483832K [0x00000000e0000000, 0x0000000100000000, 0x0000000100000000)
  eden space 445952K, 100% used [0x00000000e0000000,0x00000000fb380000,0x00000000fb380000)
  from space 37888K, 99% used [0x00000000fb380000,0x00000000fd87e1a0,0x00000000fd880000)
  to   space 40448K, 0% used [0x00000000fd880000,0x00000000fd880000,0x0000000100000000)
 ParOldGen       total 145920K, used 116945K [0x00000000a0000000, 0x00000000a8e80000, 0x00000000e0000000)
  object space 145920K, 80% used [0x00000000a0000000,0x00000000a7234430,0x00000000a8e80000)
 Metaspace       used 80122K, capacity 83034K, committed 83328K, reserved 1122304K
  class space    used 10209K, capacity 10880K, committed 10880K, reserved 1048576K
Event: 1871,064 GC heap after
Heap after GC invocations=20 (full 4):
 PSYoungGen      total 414208K, used 40436K [0x00000000e0000000, 0x0000000100000000, 0x0000000100000000)
  eden space 373760K, 0% used [0x00000000e0000000,0x00000000e0000000,0x00000000f6d00000)
  from space 40448K, 99% used [0x00000000fd880000,0x00000000ffffd128,0x0000000100000000)
  to   space 75264K, 0% used [0x00000000f6d00000,0x00000000f6d00000,0x00000000fb680000)
 ParOldGen       total 155136K, used 154745K [0x00000000a0000000, 0x00000000a9780000, 0x00000000e0000000)
  object space 155136K, 99% used [0x00000000a0000000,0x00000000a971e6a8,0x00000000a9780000)
 Metaspace       used 80122K, capacity 83034K, committed 83328K, reserved 1122304K
  class space    used 10209K, capacity 10880K, committed 10880K, reserved 1048576K
}
Event: 1871,069 GC heap before
{Heap before GC invocations=21 (full 5):
 PSYoungGen      total 414208K, used 40436K [0x00000000e0000000, 0x0000000100000000, 0x0000000100000000)
  eden space 373760K, 0% used [0x00000000e0000000,0x00000000e0000000,0x00000000f6d00000)
  from space 40448K, 99% used [0x00000000fd880000,0x00000000ffffd128,0x0000000100000000)
  to   space 75264K, 0% used [0x00000000f6d00000,0x00000000f6d00000,0x00000000fb680000)
 ParOldGen       total 155136K, used 154745K [0x00000000a0000000, 0x00000000a9780000, 0x00000000e0000000)
  object space 155136K, 99% used [0x00000000a0000000,0x00000000a971e6a8,0x00000000a9780000)
 Metaspace       used 80122K, capacity 83034K, committed 83328K, reserved 1122304K
  class space    used 10209K, capacity 10880K, committed 10880K, reserved 1048576K

